Build started 2.1.2018 16:47:35.
     1>Project "C:\Users\user\Desktop\Mandelbrot\mandelbrot\mandelbrot-dll\mandelbrot-dll.vcxproj" on node 2 (Rebuild target(s)).
     1>ClCompile:
         D:\Programske datoteke (x86)\Microsoft Visual Studio 12.0\VC\bin\x86_amd64\CL.exe /c /Zi /nologo /W3 /WX- /Od /D WIN32 /D _DEBUG /D _WINDOWS /D _USRDLL /D MANDELBROTDLL_EXPORTS /D _WINDLL /D _UNICODE /D UNICODE /Gm /EHsc /RTC1 /MDd /GS /fp:precise /Zc:wchar_t /Zc:forScope /Fo"C:\Users\user\Desktop\Mandelbrot\mandelbrot\mandelbrot-dll\x64\Debug\obj\\" /Fd"C:\Users\user\Desktop\Mandelbrot\mandelbrot\mandelbrot-dll\x64\Debug\obj\vc120.pdb" /Gd /TP /errorReport:prompt opencl_mb.cpp
         opencl_mb.cpp
     1>opencl_mb.cpp(16): warning C4267: 'return' : conversion from 'size_t' to 'int', possible loss of data
     1>opencl_mb.cpp(30): warning C4800: 'int' : forcing value to bool 'true' or 'false' (performance warning)
       Link:
         D:\Programske datoteke (x86)\Microsoft Visual Studio 12.0\VC\bin\x86_amd64\link.exe /ERRORREPORT:PROMPT /OUT:"C:\Users\user\Desktop\Mandelbrot\mandelbrot\mandelbrot-dll\x64\Debug\bin\mandelbrot-dll.dll" /INCREMENTAL /NOLOGO OpenCL.lib kernel32.lib user32.lib gdi32.lib winspool.lib comdlg32.lib advapi32.lib shell32.lib ole32.lib oleaut32.lib uuid.lib odbc32.lib odbccp32.lib /MANIFEST /MANIFESTUAC:"level='asInvoker' uiAccess='false'" /manifest:embed /DEBUG /PDB:"C:\Users\user\Desktop\Mandelbrot\mandelbrot\mandelbrot-dll\x64\Debug\bin\mandelbrot-dll.pdb" /SUBSYSTEM:WINDOWS /TLBID:1 /DYNAMICBASE /NXCOMPAT /IMPLIB:"C:\Users\user\Desktop\Mandelbrot\mandelbrot\mandelbrot-dll\x64\Debug\bin\mandelbrot-dll.lib" /MACHINE:X64 /DLL "C:\Users\user\Desktop\Mandelbrot\mandelbrot\mandelbrot-dll\x64\Debug\obj\opencl_mb.obj"
            Creating library C:\Users\user\Desktop\Mandelbrot\mandelbrot\mandelbrot-dll\x64\Debug\bin\mandelbrot-dll.lib and object C:\Users\user\Desktop\Mandelbrot\mandelbrot\mandelbrot-dll\x64\Debug\bin\mandelbrot-dll.exp
         mandelbrot-dll.vcxproj -> C:\Users\user\Desktop\Mandelbrot\mandelbrot\mandelbrot-dll\x64\Debug\bin\mandelbrot-dll.dll
       PostBuildEvent:
         copy "C:\Users\user\Desktop\Mandelbrot\mandelbrot\mandelbrot-dll\\OpenCL\OpenCL.dll" "C:\Users\user\Desktop\Mandelbrot\mandelbrot\mandelbrot-dll\x64\Debug\bin\"
         copy "C:\Users\user\Desktop\Mandelbrot\mandelbrot\mandelbrot-dll\\mandelbrot.cl" "C:\Users\user\Desktop\Mandelbrot\mandelbrot\mandelbrot-dll\x64\Debug\bin\"
         :VCEnd
                 1 file(s) copied.
                 1 file(s) copied.
     1>Done Building Project "C:\Users\user\Desktop\Mandelbrot\mandelbrot\mandelbrot-dll\mandelbrot-dll.vcxproj" (Rebuild target(s)).

Build succeeded.

Time Elapsed 00:00:03.08
